<?xml version="1.0" encoding="UTF-8"?>
<testsuite xmlns:xsi="http://www.w3.org/2001/XMLSchema-instance" xsi:schemaLocation="https://maven.apache.org/surefire/maven-surefire-plugin/xsd/surefire-test-report.xsd" name="service.AccountServiceTest" time="0.437" tests="23" errors="0" skipped="0" failures="0">
  <properties>
    <property name="java.runtime.name" value="Java(TM) SE Runtime Environment"/>
    <property name="java.vm.version" value="13.0.2+8"/>
    <property name="sun.boot.library.path" value="C:\Program Files\Java\jdk-13.0.2\bin"/>
    <property name="maven.multiModuleProjectDirectory" value="D:\Studies\workspace\commandcli"/>
    <property name="java.vm.vendor" value="Oracle Corporation"/>
    <property name="java.vendor.url" value="https://java.oracle.com/"/>
    <property name="guice.disable.misplaced.annotation.check" value="true"/>
    <property name="path.separator" value=";"/>
    <property name="java.vm.name" value="Java HotSpot(TM) 64-Bit Server VM"/>
    <property name="sun.os.patch.level" value=""/>
    <property name="user.script" value=""/>
    <property name="user.country" value="SG"/>
    <property name="sun.java.launcher" value="SUN_STANDARD"/>
    <property name="java.vm.specification.name" value="Java Virtual Machine Specification"/>
    <property name="user.dir" value="D:\Studies\workspace\commandcli"/>
    <property name="java.vm.compressedOopsMode" value="Zero based"/>
    <property name="java.runtime.version" value="13.0.2+8"/>
    <property name="os.arch" value="amd64"/>
    <property name="java.io.tmpdir" value="C:\Users\viswa\AppData\Local\Temp\"/>
    <property name="line.separator" value="&#10;"/>
    <property name="java.vm.specification.vendor" value="Oracle Corporation"/>
    <property name="user.variant" value=""/>
    <property name="os.name" value="Windows 10"/>
    <property name="classworlds.conf" value="D:\Studies\workspace\.metadata\.plugins\org.eclipse.m2e.launching\launches\m2conf12143168298892759753.tmp"/>
    <property name="sun.jnu.encoding" value="Cp1252"/>
    <property name="java.library.path" value="C:\Program Files\Java\jdk-13.0.2\bin;C:\WINDOWS\Sun\Java\bin;C:\WINDOWS\system32;C:\WINDOWS;C:/Program Files/Java/jdk-13.0.2/bin/server;C:/Program Files/Java/jdk-13.0.2/bin;C:\windows\system32;C:\windows;C:\windows\System32\Wbem;C:\windows\System32\WindowsPowerShell\v1.0\;C:\windows\System32\OpenSSH\;C:\Program Files (x86)\NVIDIA Corporation\PhysX\Common;C:\Program Files\NVIDIA Corporation\NVIDIA NGX;C:\Program Files\NVIDIA Corporation\NVIDIA NvDLISR;C:\Program Files\Java\jdk-13.0.2\bin;C:\WINDOWS\system32;C:\WINDOWS;C:\WINDOWS\System32\Wbem;C:\WINDOWS\System32\WindowsPowerShell\v1.0\;C:\WINDOWS\System32\OpenSSH\;C:\Program Files\Git\cmd;C:\Users\viswa\AppData\Local\Microsoft\WindowsApps;;C:\WINDOWS\System32;;."/>
    <property name="jdk.debug" value="release"/>
    <property name="java.class.version" value="57.0"/>
    <property name="java.specification.name" value="Java Platform API Specification"/>
    <property name="sun.management.compiler" value="HotSpot 64-Bit Tiered Compilers"/>
    <property name="os.version" value="10.0"/>
    <property name="user.home" value="C:\Users\viswa"/>
    <property name="user.timezone" value="GMT+08:00"/>
    <property name="file.encoding" value="Cp1252"/>
    <property name="java.specification.version" value="13"/>
    <property name="user.name" value="viswa"/>
    <property name="java.class.path" value="C:\Users\viswa\.p2\pool\plugins\org.eclipse.m2e.maven.runtime_1.16.0.20200610-1735\jars\plexus-classworlds-2.6.0.jar"/>
    <property name="java.vm.specification.version" value="13"/>
    <property name="sun.arch.data.model" value="64"/>
    <property name="sun.java.command" value="org.codehaus.plexus.classworlds.launcher.Launcher -B clean install"/>
    <property name="java.home" value="C:\Program Files\Java\jdk-13.0.2"/>
    <property name="user.language" value="en"/>
    <property name="java.specification.vendor" value="Oracle Corporation"/>
    <property name="java.vm.info" value="mixed mode, sharing"/>
    <property name="java.version" value="13.0.2"/>
    <property name="java.vendor" value="Oracle Corporation"/>
    <property name="maven.home" value="D:\Studies\workspace\commandcli\EMBEDDED"/>
    <property name="file.separator" value="\"/>
    <property name="java.version.date" value="2020-01-14"/>
    <property name="java.vendor.url.bug" value="https://bugreport.java.com/bugreport/"/>
    <property name="sun.io.unicode.encoding" value="UnicodeLittle"/>
    <property name="sun.cpu.endian" value="little"/>
    <property name="sun.cpu.isalist" value="amd64"/>
  </properties>
  <testcase name="testGetAccount" classname="service.AccountServiceTest" time="0.256"/>
  <testcase name="testGetAccountEmpty" classname="service.AccountServiceTest" time="0.001"/>
  <testcase name="testAddAccount" classname="service.AccountServiceTest" time="0.002"/>
  <testcase name="testAddAccountWithNoName" classname="service.AccountServiceTest" time="0.001"/>
  <testcase name="testAddAccountWithEmptyName" classname="service.AccountServiceTest" time="0.001"/>
  <testcase name="testLoginUserWithNoName" classname="service.AccountServiceTest" time="0.002"/>
  <testcase name="testLoginUserWithEmptyName" classname="service.AccountServiceTest" time="0.001"/>
  <testcase name="testLoginUserWithNewName" classname="service.AccountServiceTest" time="0.01"/>
  <testcase name="testTopupBalance" classname="service.AccountServiceTest" time="0.008"/>
  <testcase name="testTopupBalanceWithIllegalCredit" classname="service.AccountServiceTest" time="0.011"/>
  <testcase name="testTopupBalanceLessCredit" classname="service.AccountServiceTest" time="0.021"/>
  <testcase name="testTopupBalanceEqualCredit" classname="service.AccountServiceTest" time="0.017"/>
  <testcase name="testTopupBalanceMoreCredit" classname="service.AccountServiceTest" time="0.018"/>
  <testcase name="testTransferAmountNoName" classname="service.AccountServiceTest" time="0.004"/>
  <testcase name="testTransferAmountEmptyName" classname="service.AccountServiceTest" time="0.006"/>
  <testcase name="testTransferAmountIncorrectAmount" classname="service.AccountServiceTest" time="0.005"/>
  <testcase name="testTransferAmountNoOwesLessAmount" classname="service.AccountServiceTest" time="0.011"/>
  <testcase name="testTransferAmountNoOwesEqualAmount" classname="service.AccountServiceTest" time="0.009"/>
  <testcase name="testTransferAmountNoOwesMoreAmount" classname="service.AccountServiceTest" time="0.009"/>
  <testcase name="testTransferAmountWithPayeeOwesLess" classname="service.AccountServiceTest" time="0.012"/>
  <testcase name="testTransferAmountWithPayeeOwes" classname="service.AccountServiceTest" time="0.01"/>
  <testcase name="testTransferAmountWithPayeeOwesMore" classname="service.AccountServiceTest" time="0.011"/>
  <testcase name="testTransferAmountWithPayerOwesToPayee" classname="service.AccountServiceTest" time="0.01"/>
</testsuite>